c:\projects\coralengine\coralengine\release\vc142.pdb
c:\projects\coralengine\coralengine\release\glm.obj
c:\projects\coralengine\coralengine\release\stbi_realization.obj
c:\projects\coralengine\coralengine\release\texture.obj
c:\projects\coralengine\coralengine\release\transform.obj
c:\projects\coralengine\coralengine\release\sprite.obj
c:\projects\coralengine\coralengine\release\vertexarrayobject.obj
c:\projects\coralengine\coralengine\release\awindow.obj
c:\projects\coralengine\coralengine\release\vertexbufferobject.obj
c:\projects\coralengine\coralengine\release\application.obj
c:\projects\coralengine\coralengine\release\renderer.obj
c:\projects\coralengine\coralengine\release\gameobject.obj
c:\projects\coralengine\coralengine\release\camera.obj
c:\projects\coralengine\coralengine\release\shader.obj
c:\projects\coralengine\coralengine\release\indexbufferobject.obj
c:\projects\coralengine\release\coralengine.lib
c:\projects\coralengine\release\coralengine.exp
c:\projects\coralengine\release\coralengine.ipdb
c:\projects\coralengine\release\coralengine.iobj
c:\projects\coralengine\release\coralengine.dll
c:\projects\coralengine\release\coralengine.pdb
c:\projects\coralengine\coralengine\release\coralengine.tlog\cl.command.1.tlog
c:\projects\coralengine\coralengine\release\coralengine.tlog\cl.read.1.tlog
c:\projects\coralengine\coralengine\release\coralengine.tlog\cl.write.1.tlog
c:\projects\coralengine\coralengine\release\coralengine.tlog\coralengine.write.1u.tlog
c:\projects\coralengine\coralengine\release\coralengine.tlog\link.command.1.tlog
c:\projects\coralengine\coralengine\release\coralengine.tlog\link.delete.1.tlog
c:\projects\coralengine\coralengine\release\coralengine.tlog\link.read.1.tlog
c:\projects\coralengine\coralengine\release\coralengine.tlog\link.write.1.tlog
